<?xml version="1.0" encoding="UTF-8"?>
<robot generator="Robot 6.1.1 (Python 3.11.4 on win32)" generated="20230927 12:55:35.259" rpa="false" schemaversion="4">
<suite id="s1" name="T" source="C:\Users\Tejas\Nop Ecommerce Project With Robot Framework\TestCases\T.robot">
<test id="s1-t1" name="Home" line="6">
<kw name="Open Browser" library="SeleniumLibrary">
<arg>https://www.facebook.com</arg>
<arg>browser=chrome</arg>
<doc>Opens a new browser instance to the optional ``url``.</doc>
<msg timestamp="20230927 12:55:37.157" level="INFO">Opening browser 'chrome' to base url 'https://www.facebook.com'.</msg>
<msg timestamp="20230927 12:55:46.587" level="INFO">Cannot capture screenshot because no browser is open.</msg>
<msg timestamp="20230927 12:55:46.587" level="FAIL">NoSuchDriverException: Message: Unable to obtain driver for chrome using Selenium Manager.; For documentation on this error, please visit: https://www.selenium.dev/documentation/webdriver/troubleshooting/errors/driver_location
</msg>
<status status="FAIL" starttime="20230927 12:55:37.157" endtime="20230927 12:55:46.697"/>
</kw>
<status status="FAIL" starttime="20230927 12:55:37.142" endtime="20230927 12:55:46.697">NoSuchDriverException: Message: Unable to obtain driver for chrome using Selenium Manager.; For documentation on this error, please visit: https://www.selenium.dev/documentation/webdriver/troubleshooting/errors/driver_location
</status>
</test>
<test id="s1-t2" name="Open Latest Chrome Browser" line="9">
<kw name="Open Browser" library="SeleniumLibrary">
<arg>about:blank</arg>
<arg>chrome</arg>
<arg>executable_path=${C:\Program Files\Python311\chromedriver.exe}</arg>
<arg>options=add_argument('--no-sandbox')</arg>
<arg>options=add_argument('--disable-dev-shm-usage')</arg>
<arg>options=add_argument('--disable-gpu')</arg>
<arg>options=add_argument('--disable-extensions')</arg>
<doc>Opens a new browser instance to the optional ``url``.</doc>
<msg timestamp="20230927 12:55:46.697" level="FAIL">Resolving variable '${C:\Program Files\Python311\chromedriver.exe}' failed: Variable '${C}' not found.</msg>
<status status="FAIL" starttime="20230927 12:55:46.697" endtime="20230927 12:55:46.697"/>
</kw>
<kw name="Maximize Browser Window" library="SeleniumLibrary">
<doc>Maximizes current browser window.</doc>
<status status="NOT RUN" starttime="20230927 12:55:46.697" endtime="20230927 12:55:46.697"/>
</kw>
<kw name="Go To" library="SeleniumLibrary">
<arg>https://www.example.com</arg>
<doc>Navigates the current browser window to the provided ``url``.</doc>
<status status="NOT RUN" starttime="20230927 12:55:46.697" endtime="20230927 12:55:46.697"/>
</kw>
<kw name="Close Browser" library="SeleniumLibrary" type="TEARDOWN">
<doc>Closes the current browser.</doc>
<status status="PASS" starttime="20230927 12:55:46.697" endtime="20230927 12:55:46.697"/>
</kw>
<doc>Open the latest version of Chrome browser</doc>
<status status="FAIL" starttime="20230927 12:55:46.697" endtime="20230927 12:55:46.712">Resolving variable '${C:\Program Files\Python311\chromedriver.exe}' failed: Variable '${C}' not found.</status>
</test>
<status status="FAIL" starttime="20230927 12:55:35.259" endtime="20230927 12:55:46.712"/>
</suite>
<statistics>
<total>
<stat pass="0" fail="2" skip="0">All Tests</stat>
</total>
<tag>
</tag>
<suite>
<stat pass="0" fail="2" skip="0" id="s1" name="T">T</stat>
</suite>
</statistics>
<errors>
</errors>
</robot>
